<?xml version="1.0" encoding="UTF-8"?>
<!-- Generated by org.testng.reporters.JUnitReportReporter -->
<testsuite hostname="LAPTOP-VUIFONU6" failures="0" tests="3" name="Book.AddBook" time="5.097" errors="0" timestamp="2020-12-28T16:37:28 AEDT" skipped="0">
  <testcase classname="Book.AddBook" name="AddNewBook" time="0.465"/>
  <system-out/>
  <testcase classname="Book.AddBook" name="AddNewBook" time="0.519"/>
  <system-out/>
  <testcase classname="Book.AddBook" name="AddNewBook" time="4.113"/>
  <system-out/>
</testsuite> <!-- Book.AddBook -->
