<?xml version="1.0" encoding="UTF-8"?>
<!-- Generated by org.testng.reporters.JUnitReportReporter -->
<testsuite hostname="LAPTOP-VUIFONU6" failures="0" tests="1" name="ComplexJsonValidation" time="1.938" errors="0" timestamp="2020-12-28T00:34:03 AEDT" skipped="0">
  <testcase classname="ComplexJsonValidation" name="Coursevalidation" time="1.938"/>
  <system-out/>
</testsuite> <!-- ComplexJsonValidation -->
